[26-May-2024 15:21:32] NOTICE: fpm is running, pid 13958
[26-May-2024 15:21:32] NOTICE: ready to handle connections
[21-Jun-2024 13:33:13] NOTICE: fpm is running, pid 7037
[21-Jun-2024 13:33:13] NOTICE: ready to handle connections
[22-Jun-2024 18:48:48] NOTICE: Terminating ...
[22-Jun-2024 18:48:48] NOTICE: Terminating ...
[22-Jun-2024 18:48:48] NOTICE: exiting, bye-bye!
[22-Jun-2024 18:49:56] NOTICE: fpm is running, pid 11225
[22-Jun-2024 18:49:56] NOTICE: ready to handle connections
[01-Jul-2024 11:04:03] NOTICE: fpm is running, pid 9831
[01-Jul-2024 11:04:04] NOTICE: ready to handle connections
[02-Jul-2024 11:42:10] NOTICE: Terminating ...
[02-Jul-2024 11:42:10] NOTICE: Terminating ...
[02-Jul-2024 11:42:10] NOTICE: exiting, bye-bye!
[02-Jul-2024 11:42:13] NOTICE: fpm is running, pid 13725
[02-Jul-2024 11:42:13] NOTICE: ready to handle connections
[04-Jul-2024 17:22:30] NOTICE: Terminating ...
[04-Jul-2024 17:22:30] NOTICE: Terminating ...
[04-Jul-2024 17:22:30] NOTICE: exiting, bye-bye!
[04-Jul-2024 18:27:40] NOTICE: fpm is running, pid 1955
[04-Jul-2024 18:27:40] NOTICE: ready to handle connections
[08-Jul-2024 09:45:31] NOTICE: fpm is running, pid 5707
[08-Jul-2024 09:45:31] NOTICE: ready to handle connections
[09-Jul-2024 06:06:47] NOTICE: Terminating ...
[09-Jul-2024 06:06:47] NOTICE: Terminating ...
[09-Jul-2024 06:06:47] NOTICE: exiting, bye-bye!
[09-Jul-2024 11:37:41] NOTICE: fpm is running, pid 1335
[09-Jul-2024 11:37:41] NOTICE: ready to handle connections
[11-Jul-2024 10:14:51] NOTICE: fpm is running, pid 1812
[11-Jul-2024 10:14:51] NOTICE: ready to handle connections
[18-Jul-2024 07:18:50] NOTICE: Terminating ...
[18-Jul-2024 07:18:50] NOTICE: Terminating ...
[18-Jul-2024 07:18:50] NOTICE: exiting, bye-bye!
[22-Jul-2024 12:50:38] NOTICE: fpm is running, pid 4094
[22-Jul-2024 12:50:38] NOTICE: ready to handle connections
[22-Jul-2024 22:37:13] NOTICE: Terminating ...
[22-Jul-2024 22:37:13] NOTICE: Terminating ...
[22-Jul-2024 22:37:13] NOTICE: exiting, bye-bye!
[23-Jul-2024 16:01:31] NOTICE: fpm is running, pid 3209
[23-Jul-2024 16:01:31] NOTICE: ready to handle connections
[29-Jul-2024 18:07:49] NOTICE: Terminating ...
[29-Jul-2024 18:07:49] NOTICE: Terminating ...
[29-Jul-2024 18:07:49] NOTICE: exiting, bye-bye!
[29-Jul-2024 22:34:36] NOTICE: fpm is running, pid 1095
[29-Jul-2024 22:34:36] NOTICE: ready to handle connections
[30-Jul-2024 09:00:35] NOTICE: Terminating ...
[30-Jul-2024 09:00:35] NOTICE: Terminating ...
[30-Jul-2024 09:00:35] NOTICE: exiting, bye-bye!
[31-Jul-2024 00:17:02] NOTICE: fpm is running, pid 1317
[31-Jul-2024 00:17:02] NOTICE: ready to handle connections
